Using pre-set license
Built from '2020.3/staging' branch; Version is '2020.3.3f1 (76626098c1c4) revision 7758432'; Using compiler version '192528614'; Build Type 'Release'
OS: 'Windows 10 Pro; OS build 19042.867; Version 2009; 64bit' Language: 'en' Physical Memory: 4015 MB
BatchMode: 1, IsHumanControllingUs: 0, StartBugReporterOnCrash: 0, Is64bit: 1, IsPro: 0

 COMMAND LINE ARGUMENTS:
C:\Program Files\Unity\Hub\Editor\2020.3.3f1\Editor\Unity.exe
-adb2
-batchMode
-noUpm
-name
AssetImportWorker4
-projectPath
E:/Unity Trials/Software Application - Android - S1 - T010 - TVC Figures Checker
-logFile
Logs/AssetImportWorker4.log
-srvPort
50172
Successfully changed project path to: E:/Unity Trials/Software Application - Android - S1 - T010 - TVC Figures Checker
E:/Unity Trials/Software Application - Android - S1 - T010 - TVC Figures Checker
Using Asset Import Pipeline V2.
