Using pre-set license
Built from '2020.3/staging' branch; Version is '2020.3.3f1 (76626098c1c4) revision 7758432'; Using compiler version '192528614'; Build Type 'Release'
OS: 'Windows 10 Pro; OS build 19042.867; Version 2009; 64bit' Language: 'en' Physical Memory: 4015 MB
BatchMode: 1, IsHumanControllingUs: 0, StartBugReporterOnCrash: 0, Is64bit: 1, IsPro: 0

 COMMAND LINE ARGUMENTS:
C:\Program Files\Unity\Hub\Editor\2020.3.3f1\Editor\Unity.exe
-adb2
-batchMode
-noUpm
-name
AssetImportWorker7
-projectPath
E:/Unity Trials/Software Application - Android - S1 - T010 - TVC Figures Checker
-logFile
Logs/AssetImportWorker7.log
-srvPort
50351
Successfully changed project path to: E:/Unity Trials/Software Application - Android - S1 - T010 - TVC Figures Checker
E:/Unity Trials/Software Application - Android - S1 - T010 - TVC Figures Checker
Using Asset Import Pipeline V2.
Refreshing native plugins compatible for Editor in 72.32 ms, found 1 plugins.
Preloading 0 native plugins for Editor in 0.00 ms.
Initialize engine version: 2020.3.3f1 (76626098c1c4)
[Subsystems] Discovering subsystems at path C:/Program Files/Unity/Hub/Editor/2020.3.3f1/Editor/Data/Resources/UnitySubsystems
[Subsystems] Discovering subsystems at path E:/Unity Trials/Software Application - Android - S1 - T010 - TVC Figures Checker/Assets
GfxDevice: creating device client; threaded=0
Direct3D:
    Version:  Direct3D 11.0 [level 11.1]
    Renderer: AMD Radeon R5 M230 (ID=0x666f)
    Vendor:   
    VRAM:     2039 MB
    Driver:   16.300.2101.0
Initialize mono
Mono path[0] = 'C:/Program Files/Unity/Hub/Editor/2020.3.3f1/Editor/Data/Managed'
Mono path[1] = 'C:/Program Files/Unity/Hub/Editor/2020.3.3f1/Editor/Data/MonoBleedingEdge/lib/mono/unityjit'
Mono config path = 'C:/Program Files/Unity/Hub/Editor/2020.3.3f1/Editor/Data/MonoBleedingEdge/etc'
Using monoOptions --debugger-agent=transport=dt_socket,embedding=1,server=y,suspend=n,address=127.0.0.1:56664
Begin MonoManager ReloadAssembly
Registering precompiled unity dll's ...
Register platform support module: C:/Program Files/Unity/Hub/Editor/2020.3.3f1/Editor/Data/PlaybackEngines/WindowsStandaloneSupport/UnityEditor.WindowsStandalone.Extensions.dll
Registered in 0.002503 seconds.
Native extension for WindowsStandalone target not found
Refreshing native plugins compatible for Editor in 57.55 ms, found 1 plugins.
Preloading 0 native plugins for Editor in 0.00 ms.
Invoked RoslynAnalysisRunner static constructor.
RoslynAnalysisRunner will not be running.
RoslynAnalysisRunner has terminated.
Mono: successfully reloaded assembly
- Completed reload, in  2.022 seconds
Platform modules already initialized, skipping
Registering precompiled user dll's ...
Registered in 0.000887 seconds.
Begin MonoManager ReloadAssembly
Native extension for WindowsStandalone target not found
Refreshing native plugins compatible for Editor in 54.87 ms, found 1 plugins.
Preloading 0 native plugins for Editor in 0.00 ms.
Invoked RoslynAnalysisRunner static constructor.
RoslynAnalysisRunner will not be running.
RoslynAnalysisRunner has terminated.
Mono: successfully reloaded assembly
- Completed reload, in  3.416 seconds
Platform modules already initialized, skipping
========================================================================
Worker process is ready to serve import requests
Launched and connected shader compiler UnityShaderCompiler.exe after 0.29 seconds
Refreshing native plugins compatible for Editor in 1.07 ms, found 1 plugins.
Preloading 0 native plugins for Editor in 0.00 ms.
Unloading 1822 Unused Serialized files (Serialized files now loaded: 0)
System memory in use before: 85.9 MB.
System memory in use after: 86.0 MB.

Unloading 19 unused Assets to reduce memory usage. Loaded Objects now: 2269.
Total: 4.234100 ms (FindLiveObjects: 0.444900 ms CreateObjectMapping: 0.143900 ms MarkObjects: 3.533600 ms  DeleteObjects: 0.109300 ms)

========================================================================
Received Import Request.
  path: Assets/Scenes/ViewingScene.unity
  artifactKey: Guid(2cda990e2423bbf4892e6590ba056729) Importer(815301076,1909f56bfc062723c751e8b465ee728b)
Start importing Assets/Scenes/ViewingScene.unity using Guid(2cda990e2423bbf4892e6590ba056729) Importer(815301076,1909f56bfc062723c751e8b465ee728b)  -> (artifact id: 'ed80aa56956f263241d22fd4f3861c75') in 0.117261 seconds
  Import took 0.166778 seconds .

========================================================================
Received Prepare
Registering precompiled user dll's ...
Registered in 0.202225 seconds.
Begin MonoManager ReloadAssembly
Native extension for WindowsStandalone target not found
Refreshing native plugins compatible for Editor in 0.84 ms, found 1 plugins.
Preloading 0 native plugins for Editor in 0.00 ms.
Invoked RoslynAnalysisRunner static constructor.
RoslynAnalysisRunner will not be running.
RoslynAnalysisRunner has terminated.
Mono: successfully reloaded assembly
- Completed reload, in  3.780 seconds
Platform modules already initialized, skipping
Switching build target platform(5) subTarget(0) extendedPlatform(0) -> platform(13) subTarget(537395200) extendedPlatform(0)
Refreshing native plugins compatible for Editor in 0.93 ms, found 1 plugins.
Preloading 0 native plugins for Editor in 0.00 ms.
Unloading 1816 Unused Serialized files (Serialized files now loaded: 0)
System memory in use before: 85.5 MB.
System memory in use after: 85.6 MB.

Unloading 8 unused Assets to reduce memory usage. Loaded Objects now: 2272.
Total: 6.733900 ms (FindLiveObjects: 0.414400 ms CreateObjectMapping: 0.186500 ms MarkObjects: 6.089600 ms  DeleteObjects: 0.039600 ms)

AssetImportParameters requested are different than current active one (requested -> active):
  custom:graphics/normal-map-encoding: 01000000000000000000000000000000 -> 02000000000000000000000000000000
========================================================================
Received Import Request.
  Time since last request: 1248.694923 seconds.
  path: Assets/Graphics/UI/Back-Button.png
  artifactKey: Guid(f677bb63d7c0d2c478d084ec2b073993) Importer(815301076,1909f56bfc062723c751e8b465ee728b)
Start importing Assets/Graphics/UI/Back-Button.png using Guid(f677bb63d7c0d2c478d084ec2b073993) Importer(815301076,1909f56bfc062723c751e8b465ee728b)  -> (artifact id: 'f7b64058dd26d9b930256d3abba68090') in 1.850022 seconds
  Import took 1.905929 seconds .

========================================================================
Received Import Request.
  Time since last request: 75.225197 seconds.
  path: Assets/Scenes/MenuScene.unity
  artifactKey: Guid(d68ebd2c0fd3d874580f39162a544876) Importer(815301076,1909f56bfc062723c751e8b465ee728b)
Start importing Assets/Scenes/MenuScene.unity using Guid(d68ebd2c0fd3d874580f39162a544876) Importer(815301076,1909f56bfc062723c751e8b465ee728b)  -> (artifact id: 'db555d7e168d9cf2bf8c5da993a402a7') in 0.084916 seconds
  Import took 0.164846 seconds .

========================================================================
Received Prepare
Registering precompiled user dll's ...
Registered in 0.000878 seconds.
Begin MonoManager ReloadAssembly
Native extension for WindowsStandalone target not found
Refreshing native plugins compatible for Editor in 0.54 ms, found 1 plugins.
Preloading 0 native plugins for Editor in 0.00 ms.
Invoked RoslynAnalysisRunner static constructor.
RoslynAnalysisRunner will not be running.
RoslynAnalysisRunner has terminated.
Mono: successfully reloaded assembly
- Completed reload, in  1.497 seconds
Platform modules already initialized, skipping
Switching build target platform(5) subTarget(0) extendedPlatform(0) -> platform(13) subTarget(537395200) extendedPlatform(0)
Refreshing native plugins compatible for Editor in 1.08 ms, found 1 plugins.
Preloading 0 native plugins for Editor in 0.00 ms.
Unloading 1816 Unused Serialized files (Serialized files now loaded: 0)
System memory in use before: 88.6 MB.
System memory in use after: 88.7 MB.

Unloading 8 unused Assets to reduce memory usage. Loaded Objects now: 2281.
Total: 5.520200 ms (FindLiveObjects: 0.564700 ms CreateObjectMapping: 0.219100 ms MarkObjects: 4.678500 ms  DeleteObjects: 0.053900 ms)

AssetImportParameters requested are different than current active one (requested -> active):
  custom:graphics/normal-map-encoding: 01000000000000000000000000000000 -> 02000000000000000000000000000000
========================================================================
Received Prepare
Registering precompiled user dll's ...
Registered in 0.028033 seconds.
Begin MonoManager ReloadAssembly
Native extension for WindowsStandalone target not found
Refreshing native plugins compatible for Editor in 1.83 ms, found 1 plugins.
Preloading 0 native plugins for Editor in 0.00 ms.
Invoked RoslynAnalysisRunner static constructor.
RoslynAnalysisRunner will not be running.
RoslynAnalysisRunner has terminated.
Mono: successfully reloaded assembly
- Completed reload, in  1.525 seconds
Platform modules already initialized, skipping
Switching build target platform(5) subTarget(0) extendedPlatform(0) -> platform(13) subTarget(537395200) extendedPlatform(0)
Refreshing native plugins compatible for Editor in 0.44 ms, found 1 plugins.
Preloading 0 native plugins for Editor in 0.00 ms.
Unloading 1816 Unused Serialized files (Serialized files now loaded: 0)
System memory in use before: 88.6 MB.
System memory in use after: 88.7 MB.

Unloading 8 unused Assets to reduce memory usage. Loaded Objects now: 2284.
Total: 4.988800 ms (FindLiveObjects: 0.314500 ms CreateObjectMapping: 0.106300 ms MarkObjects: 4.526100 ms  DeleteObjects: 0.039700 ms)

AssetImportParameters requested are different than current active one (requested -> active):
  custom:graphics/normal-map-encoding: 01000000000000000000000000000000 -> 02000000000000000000000000000000
========================================================================
Received Prepare
Registering precompiled user dll's ...
Registered in 0.000996 seconds.
Begin MonoManager ReloadAssembly
Native extension for WindowsStandalone target not found
Refreshing native plugins compatible for Editor in 0.44 ms, found 1 plugins.
Preloading 0 native plugins for Editor in 0.00 ms.
Invoked RoslynAnalysisRunner static constructor.
RoslynAnalysisRunner will not be running.
RoslynAnalysisRunner has terminated.
Mono: successfully reloaded assembly
- Completed reload, in  1.354 seconds
Platform modules already initialized, skipping
Switching build target platform(5) subTarget(0) extendedPlatform(0) -> platform(13) subTarget(537395200) extendedPlatform(0)
Refreshing native plugins compatible for Editor in 0.47 ms, found 1 plugins.
Preloading 0 native plugins for Editor in 0.00 ms.
Unloading 1816 Unused Serialized files (Serialized files now loaded: 0)
System memory in use before: 88.6 MB.
System memory in use after: 88.8 MB.

Unloading 8 unused Assets to reduce memory usage. Loaded Objects now: 2287.
Total: 2.949600 ms (FindLiveObjects: 0.222700 ms CreateObjectMapping: 0.085700 ms MarkObjects: 2.607800 ms  DeleteObjects: 0.031700 ms)

AssetImportParameters requested are different than current active one (requested -> active):
  custom:graphics/normal-map-encoding: 01000000000000000000000000000000 -> 02000000000000000000000000000000
========================================================================
Received Prepare
Registering precompiled user dll's ...
Registered in 0.001881 seconds.
Begin MonoManager ReloadAssembly
Native extension for WindowsStandalone target not found
Refreshing native plugins compatible for Editor in 0.47 ms, found 1 plugins.
Preloading 0 native plugins for Editor in 0.00 ms.
Invoked RoslynAnalysisRunner static constructor.
RoslynAnalysisRunner will not be running.
RoslynAnalysisRunner has terminated.
Mono: successfully reloaded assembly
- Completed reload, in  1.648 seconds
Platform modules already initialized, skipping
Switching build target platform(5) subTarget(0) extendedPlatform(0) -> platform(13) subTarget(537395200) extendedPlatform(0)
Refreshing native plugins compatible for Editor in 0.49 ms, found 1 plugins.
Preloading 0 native plugins for Editor in 0.00 ms.
Unloading 1816 Unused Serialized files (Serialized files now loaded: 0)
System memory in use before: 88.7 MB.
System memory in use after: 88.8 MB.

Unloading 8 unused Assets to reduce memory usage. Loaded Objects now: 2290.
Total: 2.900900 ms (FindLiveObjects: 0.401700 ms CreateObjectMapping: 0.209800 ms MarkObjects: 2.263400 ms  DeleteObjects: 0.024100 ms)

AssetImportParameters requested are different than current active one (requested -> active):
  custom:graphics/normal-map-encoding: 01000000000000000000000000000000 -> 02000000000000000000000000000000
========================================================================
Received Prepare
Registering precompiled user dll's ...
Registered in 0.001603 seconds.
Begin MonoManager ReloadAssembly
Native extension for WindowsStandalone target not found
Refreshing native plugins compatible for Editor in 0.50 ms, found 1 plugins.
Preloading 0 native plugins for Editor in 0.00 ms.
Invoked RoslynAnalysisRunner static constructor.
RoslynAnalysisRunner will not be running.
RoslynAnalysisRunner has terminated.
Mono: successfully reloaded assembly
- Completed reload, in  1.338 seconds
Platform modules already initialized, skipping
Switching build target platform(5) subTarget(0) extendedPlatform(0) -> platform(13) subTarget(537395200) extendedPlatform(0)
Refreshing native plugins compatible for Editor in 0.47 ms, found 1 plugins.
Preloading 0 native plugins for Editor in 0.00 ms.
Unloading 1816 Unused Serialized files (Serialized files now loaded: 0)
System memory in use before: 88.7 MB.
System memory in use after: 88.8 MB.

Unloading 8 unused Assets to reduce memory usage. Loaded Objects now: 2293.
Total: 3.157300 ms (FindLiveObjects: 0.311700 ms CreateObjectMapping: 0.131200 ms MarkObjects: 2.680400 ms  DeleteObjects: 0.031600 ms)

AssetImportParameters requested are different than current active one (requested -> active):
  custom:graphics/normal-map-encoding: 01000000000000000000000000000000 -> 02000000000000000000000000000000
========================================================================
Received Prepare
Registering precompiled user dll's ...
Registered in 0.002977 seconds.
Begin MonoManager ReloadAssembly
Native extension for WindowsStandalone target not found
Refreshing native plugins compatible for Editor in 0.81 ms, found 1 plugins.
Preloading 0 native plugins for Editor in 0.00 ms.
Invoked RoslynAnalysisRunner static constructor.
RoslynAnalysisRunner will not be running.
RoslynAnalysisRunner has terminated.
Mono: successfully reloaded assembly
- Completed reload, in  1.416 seconds
Platform modules already initialized, skipping
Switching build target platform(5) subTarget(0) extendedPlatform(0) -> platform(13) subTarget(537395200) extendedPlatform(0)
Refreshing native plugins compatible for Editor in 0.49 ms, found 1 plugins.
Preloading 0 native plugins for Editor in 0.00 ms.
Unloading 1816 Unused Serialized files (Serialized files now loaded: 0)
System memory in use before: 88.7 MB.
System memory in use after: 88.8 MB.

Unloading 8 unused Assets to reduce memory usage. Loaded Objects now: 2296.
Total: 3.175600 ms (FindLiveObjects: 0.411400 ms CreateObjectMapping: 0.110300 ms MarkObjects: 2.619200 ms  DeleteObjects: 0.032600 ms)

AssetImportParameters requested are different than current active one (requested -> active):
  custom:graphics/normal-map-encoding: 01000000000000000000000000000000 -> 02000000000000000000000000000000
========================================================================
Received Import Request.
  Time since last request: 973.190468 seconds.
  path: Assets/Scenes/ViewingScene.unity
  artifactKey: Guid(2cda990e2423bbf4892e6590ba056729) Importer(815301076,1909f56bfc062723c751e8b465ee728b)
Start importing Assets/Scenes/ViewingScene.unity using Guid(2cda990e2423bbf4892e6590ba056729) Importer(815301076,1909f56bfc062723c751e8b465ee728b)  -> (artifact id: '6fa0b27ef74a930806b5c68f4fcbb119') in 0.015978 seconds
  Import took 0.060683 seconds .

========================================================================
Received Import Request.
  Time since last request: 20.781829 seconds.
  path: Assets/Scripts
  artifactKey: Guid(42a82617465109e40b0a751be6767253) Importer(815301076,1909f56bfc062723c751e8b465ee728b)
Start importing Assets/Scripts using Guid(42a82617465109e40b0a751be6767253) Importer(815301076,1909f56bfc062723c751e8b465ee728b)  -> (artifact id: 'ecea18404eb5a980bab755f343bd9bb1') in 0.025889 seconds
  Import took 0.051091 seconds .

========================================================================
Received Import Request.
  Time since last request: 3.889779 seconds.
  path: Assets/Scripts
  artifactKey: Guid(42a82617465109e40b0a751be6767253) Importer(815301076,1909f56bfc062723c751e8b465ee728b)
Start importing Assets/Scripts using Guid(42a82617465109e40b0a751be6767253) Importer(815301076,1909f56bfc062723c751e8b465ee728b)  -> (artifact id: 'ecea18404eb5a980bab755f343bd9bb1') in 0.002216 seconds
  Import took 0.025420 seconds .

========================================================================
Received Import Request.
  Time since last request: 12.582225 seconds.
  path: Assets/Scripts/TextViewScript.cs
  artifactKey: Guid(362211a1138949c40a40e67e65bdc0ba) Importer(815301076,1909f56bfc062723c751e8b465ee728b)
Start importing Assets/Scripts/TextViewScript.cs using Guid(362211a1138949c40a40e67e65bdc0ba) Importer(815301076,1909f56bfc062723c751e8b465ee728b)  -> (artifact id: 'de169811fcc5926e41041429276a64fa') in 0.015651 seconds
  Import took 0.055294 seconds .

========================================================================
Received Import Request.
  Time since last request: 0.005457 seconds.
  path: Assets/Scripts/TextViewScript.cs
  artifactKey: Guid(362211a1138949c40a40e67e65bdc0ba) Importer(815301076,1909f56bfc062723c751e8b465ee728b)
Start importing Assets/Scripts/TextViewScript.cs using Guid(362211a1138949c40a40e67e65bdc0ba) Importer(815301076,1909f56bfc062723c751e8b465ee728b)  -> (artifact id: 'de169811fcc5926e41041429276a64fa') in 0.003486 seconds
  Import took 0.010995 seconds .

========================================================================
Received Prepare
Registering precompiled user dll's ...
Registered in 0.000966 seconds.
Begin MonoManager ReloadAssembly
Native extension for WindowsStandalone target not found
Refreshing native plugins compatible for Editor in 0.46 ms, found 1 plugins.
Preloading 0 native plugins for Editor in 0.00 ms.
Invoked RoslynAnalysisRunner static constructor.
RoslynAnalysisRunner will not be running.
RoslynAnalysisRunner has terminated.
Mono: successfully reloaded assembly
- Completed reload, in  1.421 seconds
Platform modules already initialized, skipping
Switching build target platform(5) subTarget(0) extendedPlatform(0) -> platform(13) subTarget(537395200) extendedPlatform(0)
Refreshing native plugins compatible for Editor in 0.51 ms, found 1 plugins.
Preloading 0 native plugins for Editor in 0.00 ms.
Unloading 1817 Unused Serialized files (Serialized files now loaded: 0)
System memory in use before: 88.7 MB.
System memory in use after: 88.8 MB.

Unloading 8 unused Assets to reduce memory usage. Loaded Objects now: 2300.
Total: 2.662200 ms (FindLiveObjects: 0.254100 ms CreateObjectMapping: 0.084400 ms MarkObjects: 2.303300 ms  DeleteObjects: 0.019000 ms)

AssetImportParameters requested are different than current active one (requested -> active):
  custom:graphics/normal-map-encoding: 01000000000000000000000000000000 -> 02000000000000000000000000000000
========================================================================
Received Import Request.
  Time since last request: 14.781567 seconds.
  path: Assets/Scripts/PictureViewScript.cs
  artifactKey: Guid(55acfa4bf8ac8bf4b87ed93754a85a94) Importer(815301076,1909f56bfc062723c751e8b465ee728b)
Start importing Assets/Scripts/PictureViewScript.cs using Guid(55acfa4bf8ac8bf4b87ed93754a85a94) Importer(815301076,1909f56bfc062723c751e8b465ee728b)  -> (artifact id: 'c45aa2e20f3183b4716717217c698770') in 0.012605 seconds
  Import took 0.059780 seconds .

========================================================================
Received Prepare
Registering precompiled user dll's ...
Registered in 0.001631 seconds.
Begin MonoManager ReloadAssembly
Native extension for WindowsStandalone target not found
Refreshing native plugins compatible for Editor in 0.48 ms, found 1 plugins.
Preloading 0 native plugins for Editor in 0.00 ms.
Invoked RoslynAnalysisRunner static constructor.
RoslynAnalysisRunner will not be running.
RoslynAnalysisRunner has terminated.
Mono: successfully reloaded assembly
- Completed reload, in  1.468 seconds
Platform modules already initialized, skipping
Switching build target platform(5) subTarget(0) extendedPlatform(0) -> platform(13) subTarget(537395200) extendedPlatform(0)
Refreshing native plugins compatible for Editor in 0.45 ms, found 1 plugins.
Preloading 0 native plugins for Editor in 0.00 ms.
Unloading 1818 Unused Serialized files (Serialized files now loaded: 0)
System memory in use before: 88.8 MB.
System memory in use after: 88.9 MB.

Unloading 8 unused Assets to reduce memory usage. Loaded Objects now: 2304.
Total: 2.976100 ms (FindLiveObjects: 0.264200 ms CreateObjectMapping: 0.121300 ms MarkObjects: 2.555700 ms  DeleteObjects: 0.032700 ms)

AssetImportParameters requested are different than current active one (requested -> active):
  custom:graphics/normal-map-encoding: 01000000000000000000000000000000 -> 02000000000000000000000000000000
========================================================================
Received Import Request.
  Time since last request: 155.998877 seconds.
  path: Assets/Scripts/TextViewScript.cs
  artifactKey: Guid(362211a1138949c40a40e67e65bdc0ba) Importer(815301076,1909f56bfc062723c751e8b465ee728b)
Start importing Assets/Scripts/TextViewScript.cs using Guid(362211a1138949c40a40e67e65bdc0ba) Importer(815301076,1909f56bfc062723c751e8b465ee728b)  -> (artifact id: 'f2dff8ab8a125eee82922b4ac7e2fbc4') in 0.020204 seconds
  Import took 0.126452 seconds .

========================================================================
Received Import Request.
  Time since last request: 9.950698 seconds.
  path: Assets/Scripts/ViewControllerScript.cs
  artifactKey: Guid(ad4918f0f94a23e4f9f4dab6ed1304b7) Importer(815301076,1909f56bfc062723c751e8b465ee728b)
Start importing Assets/Scripts/ViewControllerScript.cs using Guid(ad4918f0f94a23e4f9f4dab6ed1304b7) Importer(815301076,1909f56bfc062723c751e8b465ee728b)  -> (artifact id: '5c3b80aa940d9da78e64e975f3a56f5b') in 0.001957 seconds
  Import took 0.055246 seconds .

========================================================================
Received Prepare
Registering precompiled user dll's ...
Registered in 0.002874 seconds.
Begin MonoManager ReloadAssembly
Native extension for WindowsStandalone target not found
Refreshing native plugins compatible for Editor in 0.69 ms, found 1 plugins.
Preloading 0 native plugins for Editor in 0.00 ms.
Invoked RoslynAnalysisRunner static constructor.
RoslynAnalysisRunner will not be running.
RoslynAnalysisRunner has terminated.
Mono: successfully reloaded assembly
- Completed reload, in  1.579 seconds
Platform modules already initialized, skipping
Switching build target platform(5) subTarget(0) extendedPlatform(0) -> platform(13) subTarget(537395200) extendedPlatform(0)
Refreshing native plugins compatible for Editor in 0.46 ms, found 1 plugins.
Preloading 0 native plugins for Editor in 0.00 ms.
Unloading 1818 Unused Serialized files (Serialized files now loaded: 0)
System memory in use before: 88.8 MB.
System memory in use after: 88.9 MB.

Unloading 8 unused Assets to reduce memory usage. Loaded Objects now: 2307.
Total: 2.796100 ms (FindLiveObjects: 0.357100 ms CreateObjectMapping: 0.091200 ms MarkObjects: 2.312300 ms  DeleteObjects: 0.034000 ms)

AssetImportParameters requested are different than current active one (requested -> active):
  custom:graphics/normal-map-encoding: 01000000000000000000000000000000 -> 02000000000000000000000000000000
========================================================================
Received Import Request.
  Time since last request: 31.015380 seconds.
  path: Assets/Scripts/ViewControllerScript.cs
  artifactKey: Guid(ad4918f0f94a23e4f9f4dab6ed1304b7) Importer(815301076,1909f56bfc062723c751e8b465ee728b)
Start importing Assets/Scripts/ViewControllerScript.cs using Guid(ad4918f0f94a23e4f9f4dab6ed1304b7) Importer(815301076,1909f56bfc062723c751e8b465ee728b)  -> (artifact id: 'c9c74108ff5b7ea2406c7745361065da') in 0.005294 seconds
  Import took 0.060776 seconds .

========================================================================
Received Prepare
Registering precompiled user dll's ...
Registered in 0.000961 seconds.
Begin MonoManager ReloadAssembly
Native extension for WindowsStandalone target not found
Refreshing native plugins compatible for Editor in 0.48 ms, found 1 plugins.
Preloading 0 native plugins for Editor in 0.00 ms.
Invoked RoslynAnalysisRunner static constructor.
RoslynAnalysisRunner will not be running.
RoslynAnalysisRunner has terminated.
Mono: successfully reloaded assembly
- Completed reload, in  1.460 seconds
Platform modules already initialized, skipping
Switching build target platform(5) subTarget(0) extendedPlatform(0) -> platform(13) subTarget(537395200) extendedPlatform(0)
Refreshing native plugins compatible for Editor in 0.81 ms, found 1 plugins.
Preloading 0 native plugins for Editor in 0.00 ms.
Unloading 1818 Unused Serialized files (Serialized files now loaded: 0)
System memory in use before: 88.8 MB.
System memory in use after: 88.9 MB.

Unloading 8 unused Assets to reduce memory usage. Loaded Objects now: 2310.
Total: 3.424400 ms (FindLiveObjects: 0.300400 ms CreateObjectMapping: 0.157500 ms MarkObjects: 2.933400 ms  DeleteObjects: 0.030600 ms)

AssetImportParameters requested are different than current active one (requested -> active):
  custom:graphics/normal-map-encoding: 01000000000000000000000000000000 -> 02000000000000000000000000000000
========================================================================
Received Prepare
Registering precompiled user dll's ...
Registered in 0.001044 seconds.
Begin MonoManager ReloadAssembly
Native extension for WindowsStandalone target not found
Refreshing native plugins compatible for Editor in 0.84 ms, found 1 plugins.
Preloading 0 native plugins for Editor in 0.00 ms.
Invoked RoslynAnalysisRunner static constructor.
RoslynAnalysisRunner will not be running.
RoslynAnalysisRunner has terminated.
Mono: successfully reloaded assembly
- Completed reload, in  1.434 seconds
Platform modules already initialized, skipping
Switching build target platform(5) subTarget(0) extendedPlatform(0) -> platform(13) subTarget(537395200) extendedPlatform(0)
Refreshing native plugins compatible for Editor in 0.43 ms, found 1 plugins.
Preloading 0 native plugins for Editor in 0.00 ms.
Unloading 1818 Unused Serialized files (Serialized files now loaded: 0)
System memory in use before: 88.8 MB.
System memory in use after: 88.9 MB.

Unloading 8 unused Assets to reduce memory usage. Loaded Objects now: 2313.
Total: 3.402200 ms (FindLiveObjects: 0.369000 ms CreateObjectMapping: 0.129000 ms MarkObjects: 2.879100 ms  DeleteObjects: 0.022500 ms)

AssetImportParameters requested are different than current active one (requested -> active):
  custom:graphics/normal-map-encoding: 01000000000000000000000000000000 -> 02000000000000000000000000000000
========================================================================
Received Import Request.
  Time since last request: 368.765868 seconds.
  path: Assets/Graphics/TVC Pictures/13_Anakin Skywalker (ROTS).jpg
  artifactKey: Guid(e52431a0f91ee8d40982d419cc4eded0) Importer(815301076,1909f56bfc062723c751e8b465ee728b)
Start importing Assets/Graphics/TVC Pictures/13_Anakin Skywalker (ROTS).jpg using Guid(e52431a0f91ee8d40982d419cc4eded0) Importer(815301076,1909f56bfc062723c751e8b465ee728b)  -> (artifact id: 'e74e5e83497d59326b79485532a101ca') in 0.096877 seconds
  Import took 0.166219 seconds .

========================================================================
Received Import Request.
  Time since last request: 2.964474 seconds.
  path: Assets/Graphics/TVC Pictures/13_Anakin Skywalker (ROTS).jpg
  artifactKey: Guid(e52431a0f91ee8d40982d419cc4eded0) Importer(815301076,1909f56bfc062723c751e8b465ee728b)
Start importing Assets/Graphics/TVC Pictures/13_Anakin Skywalker (ROTS).jpg using Guid(e52431a0f91ee8d40982d419cc4eded0) Importer(815301076,1909f56bfc062723c751e8b465ee728b)  -> (artifact id: 'e74e5e83497d59326b79485532a101ca') in 0.027197 seconds
  Import took 0.034840 seconds .

========================================================================
Received Import Request.
  Time since last request: 89.196525 seconds.
  path: Assets/Scenes
  artifactKey: Guid(451858537a1946044a4d24d9a6f02d2a) Importer(815301076,1909f56bfc062723c751e8b465ee728b)
Start importing Assets/Scenes using Guid(451858537a1946044a4d24d9a6f02d2a) Importer(815301076,1909f56bfc062723c751e8b465ee728b)  -> (artifact id: '587c66c4c448be49e56875fdb09dea44') in 0.048304 seconds
  Import took 0.091946 seconds .

========================================================================
Received Import Request.
  Time since last request: 14.120354 seconds.
  path: Assets/Scenes/WelcomScene.unity
  artifactKey: Guid(f43e4e3f3a10837469198fe2731a2e5e) Importer(815301076,1909f56bfc062723c751e8b465ee728b)
Start importing Assets/Scenes/WelcomScene.unity using Guid(f43e4e3f3a10837469198fe2731a2e5e) Importer(815301076,1909f56bfc062723c751e8b465ee728b)  -> (artifact id: '4544706e48a9809d77ae170e3f4248c2') in 0.004195 seconds
  Import took 0.025742 seconds .

========================================================================
Received Import Request.
  Time since last request: 8.284902 seconds.
  path: Assets/Scenes/MenuScene.unity
  artifactKey: Guid(d68ebd2c0fd3d874580f39162a544876) Importer(815301076,1909f56bfc062723c751e8b465ee728b)
Start importing Assets/Scenes/MenuScene.unity using Guid(d68ebd2c0fd3d874580f39162a544876) Importer(815301076,1909f56bfc062723c751e8b465ee728b)  -> (artifact id: '01a792f4e6583cb3bc5457b185387263') in 0.002702 seconds
  Import took 0.009019 seconds .

========================================================================
Received Import Request.
  Time since last request: 492.677279 seconds.
  path: Assets/Scenes/WelcomScene.unity
  artifactKey: Guid(f43e4e3f3a10837469198fe2731a2e5e) Importer(815301076,1909f56bfc062723c751e8b465ee728b)
Start importing Assets/Scenes/WelcomScene.unity using Guid(f43e4e3f3a10837469198fe2731a2e5e) Importer(815301076,1909f56bfc062723c751e8b465ee728b)  -> (artifact id: 'bf089296a4e69a2563209d3bde479899') in 0.004677 seconds
  Import took 0.011616 seconds .

========================================================================
Received Import Request.
  Time since last request: 9.207881 seconds.
  path: Assets/Scenes/WelcomeScene.unity
  artifactKey: Guid(f43e4e3f3a10837469198fe2731a2e5e) Importer(815301076,1909f56bfc062723c751e8b465ee728b)
Start importing Assets/Scenes/WelcomeScene.unity using Guid(f43e4e3f3a10837469198fe2731a2e5e) Importer(815301076,1909f56bfc062723c751e8b465ee728b)  -> (artifact id: 'dd6281a73b9286942b89031aad81ef00') in 0.002497 seconds
  Import took 0.048796 seconds .

========================================================================
Received Import Request.
  Time since last request: 25.824906 seconds.
  path: Assets/Scripts/SceneControllers
  artifactKey: Guid(359bb74e894adfb47aade2cd80208927) Importer(815301076,1909f56bfc062723c751e8b465ee728b)
Start importing Assets/Scripts/SceneControllers using Guid(359bb74e894adfb47aade2cd80208927) Importer(815301076,1909f56bfc062723c751e8b465ee728b)  -> (artifact id: 'c6054df3534162f6f14c3123f197855b') in 0.016997 seconds
  Import took 0.042606 seconds .

========================================================================
Received Prepare
Registering precompiled user dll's ...
Registered in 0.000893 seconds.
Begin MonoManager ReloadAssembly
Native extension for WindowsStandalone target not found
Refreshing native plugins compatible for Editor in 0.50 ms, found 1 plugins.
Preloading 0 native plugins for Editor in 0.00 ms.
Invoked RoslynAnalysisRunner static constructor.
RoslynAnalysisRunner will not be running.
RoslynAnalysisRunner has terminated.
Mono: successfully reloaded assembly
- Completed reload, in  1.509 seconds
Platform modules already initialized, skipping
Switching build target platform(5) subTarget(0) extendedPlatform(0) -> platform(13) subTarget(537395200) extendedPlatform(0)
Refreshing native plugins compatible for Editor in 0.45 ms, found 1 plugins.
Preloading 0 native plugins for Editor in 0.00 ms.
Unloading 1818 Unused Serialized files (Serialized files now loaded: 0)
System memory in use before: 88.8 MB.
System memory in use after: 88.9 MB.

Unloading 8 unused Assets to reduce memory usage. Loaded Objects now: 2319.
Total: 2.759700 ms (FindLiveObjects: 0.222800 ms CreateObjectMapping: 0.084100 ms MarkObjects: 2.416500 ms  DeleteObjects: 0.034800 ms)

AssetImportParameters requested are different than current active one (requested -> active):
  custom:graphics/normal-map-encoding: 01000000000000000000000000000000 -> 02000000000000000000000000000000
========================================================================
Received Import Request.
  Time since last request: 13.935488 seconds.
  path: Assets/Scripts/New Folder
  artifactKey: Guid(20ee98eecbea78c499dda311ee0325b3) Importer(815301076,1909f56bfc062723c751e8b465ee728b)
Start importing Assets/Scripts/New Folder using Guid(20ee98eecbea78c499dda311ee0325b3) Importer(815301076,1909f56bfc062723c751e8b465ee728b)  -> (artifact id: 'f39c3984a891370ab1c652af469bb3de') in 0.005148 seconds
  Import took 0.009334 seconds .

========================================================================
Received Import Request.
  Time since last request: 21.949323 seconds.
  path: Assets/Scripts/PageSet Scripts
  artifactKey: Guid(20ee98eecbea78c499dda311ee0325b3) Importer(815301076,1909f56bfc062723c751e8b465ee728b)
Start importing Assets/Scripts/PageSet Scripts using Guid(20ee98eecbea78c499dda311ee0325b3) Importer(815301076,1909f56bfc062723c751e8b465ee728b)  -> (artifact id: '05e45bc13ef46c95bc7a22da5b9f718c') in 0.001584 seconds
  Import took 0.033504 seconds .

========================================================================
Received Prepare
Registering precompiled user dll's ...
Registered in 0.001275 seconds.
Begin MonoManager ReloadAssembly
Native extension for WindowsStandalone target not found
Refreshing native plugins compatible for Editor in 0.45 ms, found 1 plugins.
Preloading 0 native plugins for Editor in 0.00 ms.
Invoked RoslynAnalysisRunner static constructor.
RoslynAnalysisRunner will not be running.
RoslynAnalysisRunner has terminated.
Mono: successfully reloaded assembly
- Completed reload, in  1.479 seconds
Platform modules already initialized, skipping
Switching build target platform(5) subTarget(0) extendedPlatform(0) -> platform(13) subTarget(537395200) extendedPlatform(0)
Refreshing native plugins compatible for Editor in 0.44 ms, found 1 plugins.
Preloading 0 native plugins for Editor in 0.00 ms.
Unloading 1818 Unused Serialized files (Serialized files now loaded: 0)
System memory in use before: 88.8 MB.
System memory in use after: 88.9 MB.

Unloading 8 unused Assets to reduce memory usage. Loaded Objects now: 2322.
Total: 3.309000 ms (FindLiveObjects: 0.380300 ms CreateObjectMapping: 0.136500 ms MarkObjects: 2.758000 ms  DeleteObjects: 0.032300 ms)

AssetImportParameters requested are different than current active one (requested -> active):
  custom:graphics/normal-map-encoding: 01000000000000000000000000000000 -> 02000000000000000000000000000000
========================================================================
Received Import Request.
  Time since last request: 27.741983 seconds.
  path: Assets/Scripts/WelcomeControllerScript.cs
  artifactKey: Guid(afbf543399febdb489962a1a23078981) Importer(815301076,1909f56bfc062723c751e8b465ee728b)
Start importing Assets/Scripts/WelcomeControllerScript.cs using Guid(afbf543399febdb489962a1a23078981) Importer(815301076,1909f56bfc062723c751e8b465ee728b)  -> (artifact id: '0e00de3c40c09843224ef4593edf093a') in 0.010399 seconds
  Import took 0.016887 seconds .

========================================================================
Received Import Request.
  Time since last request: 0.045750 seconds.
  path: Assets/Scripts/WelcomeControllerScript.cs
  artifactKey: Guid(afbf543399febdb489962a1a23078981) Importer(815301076,1909f56bfc062723c751e8b465ee728b)
Start importing Assets/Scripts/WelcomeControllerScript.cs using Guid(afbf543399febdb489962a1a23078981) Importer(815301076,1909f56bfc062723c751e8b465ee728b)  -> (artifact id: '0e00de3c40c09843224ef4593edf093a') in 0.002957 seconds
  Import took 0.009967 seconds .

========================================================================
Received Prepare
Registering precompiled user dll's ...
Registered in 0.000936 seconds.
Begin MonoManager ReloadAssembly
Native extension for WindowsStandalone target not found
Refreshing native plugins compatible for Editor in 0.44 ms, found 1 plugins.
Preloading 0 native plugins for Editor in 0.00 ms.
Invoked RoslynAnalysisRunner static constructor.
RoslynAnalysisRunner will not be running.
RoslynAnalysisRunner has terminated.
Mono: successfully reloaded assembly
- Completed reload, in  1.423 seconds
Platform modules already initialized, skipping
Switching build target platform(5) subTarget(0) extendedPlatform(0) -> platform(13) subTarget(537395200) extendedPlatform(0)
Refreshing native plugins compatible for Editor in 0.53 ms, found 1 plugins.
Preloading 0 native plugins for Editor in 0.00 ms.
Unloading 1819 Unused Serialized files (Serialized files now loaded: 0)
System memory in use before: 88.9 MB.
System memory in use after: 89.0 MB.

Unloading 8 unused Assets to reduce memory usage. Loaded Objects now: 2326.
Total: 2.574600 ms (FindLiveObjects: 0.287100 ms CreateObjectMapping: 0.124800 ms MarkObjects: 2.127600 ms  DeleteObjects: 0.033800 ms)

AssetImportParameters requested are different than current active one (requested -> active):
  custom:graphics/normal-map-encoding: 01000000000000000000000000000000 -> 02000000000000000000000000000000
========================================================================
Received Import Request.
  Time since last request: 13.966899 seconds.
  path: Assets/Scripts/ViewScene Scripts
  artifactKey: Guid(e046ff7be67612247aafbc992ddb7b38) Importer(815301076,1909f56bfc062723c751e8b465ee728b)
Start importing Assets/Scripts/ViewScene Scripts using Guid(e046ff7be67612247aafbc992ddb7b38) Importer(815301076,1909f56bfc062723c751e8b465ee728b)  -> (artifact id: '282d916139ae3d6f041f0d6e7ec23180') in 0.012826 seconds
  Import took 0.039686 seconds .

========================================================================
Received Import Request.
  Time since last request: 1.335407 seconds.
  path: Assets/Scripts/PictureViewScript.cs
  artifactKey: Guid(55acfa4bf8ac8bf4b87ed93754a85a94) Importer(815301076,1909f56bfc062723c751e8b465ee728b)
Start importing Assets/Scripts/PictureViewScript.cs using Guid(55acfa4bf8ac8bf4b87ed93754a85a94) Importer(815301076,1909f56bfc062723c751e8b465ee728b)  -> (artifact id: '795ccca76d7a78bd6c751151203de755') in 0.001847 seconds
  Import took 0.043892 seconds .

========================================================================
Received Import Request.
  Time since last request: 0.011777 seconds.
  path: Assets/Scripts/PictureViewScript.cs
  artifactKey: Guid(55acfa4bf8ac8bf4b87ed93754a85a94) Importer(815301076,1909f56bfc062723c751e8b465ee728b)
Start importing Assets/Scripts/PictureViewScript.cs using Guid(55acfa4bf8ac8bf4b87ed93754a85a94) Importer(815301076,1909f56bfc062723c751e8b465ee728b)  -> (artifact id: '795ccca76d7a78bd6c751151203de755') in 0.001873 seconds
  Import took 0.007812 seconds .

========================================================================
Received Prepare
Registering precompiled user dll's ...
Registered in 0.000992 seconds.
Begin MonoManager ReloadAssembly
Native extension for WindowsStandalone target not found
Refreshing native plugins compatible for Editor in 0.57 ms, found 1 plugins.
Preloading 0 native plugins for Editor in 0.00 ms.
Invoked RoslynAnalysisRunner static constructor.
RoslynAnalysisRunner will not be running.
RoslynAnalysisRunner has terminated.
Mono: successfully reloaded assembly
- Completed reload, in  1.687 seconds
Platform modules already initialized, skipping
Switching build target platform(5) subTarget(0) extendedPlatform(0) -> platform(13) subTarget(537395200) extendedPlatform(0)
Refreshing native plugins compatible for Editor in 0.75 ms, found 1 plugins.
Preloading 0 native plugins for Editor in 0.00 ms.
Unloading 1819 Unused Serialized files (Serialized files now loaded: 0)
System memory in use before: 88.9 MB.
System memory in use after: 89.0 MB.

Unloading 8 unused Assets to reduce memory usage. Loaded Objects now: 2329.
Total: 3.447000 ms (FindLiveObjects: 0.440600 ms CreateObjectMapping: 0.241300 ms MarkObjects: 2.737100 ms  DeleteObjects: 0.025600 ms)

AssetImportParameters requested are different than current active one (requested -> active):
  custom:graphics/normal-map-encoding: 01000000000000000000000000000000 -> 02000000000000000000000000000000
========================================================================
Received Prepare
Registering precompiled user dll's ...
Registered in 0.000940 seconds.
Begin MonoManager ReloadAssembly
Native extension for WindowsStandalone target not found
Refreshing native plugins compatible for Editor in 0.44 ms, found 1 plugins.
Preloading 0 native plugins for Editor in 0.00 ms.
Invoked RoslynAnalysisRunner static constructor.
RoslynAnalysisRunner will not be running.
RoslynAnalysisRunner has terminated.
Mono: successfully reloaded assembly
- Completed reload, in  1.450 seconds
Platform modules already initialized, skipping
Switching build target platform(5) subTarget(0) extendedPlatform(0) -> platform(13) subTarget(537395200) extendedPlatform(0)
Refreshing native plugins compatible for Editor in 0.91 ms, found 1 plugins.
Preloading 0 native plugins for Editor in 0.00 ms.
Unloading 1819 Unused Serialized files (Serialized files now loaded: 0)
System memory in use before: 88.9 MB.
System memory in use after: 89.0 MB.

Unloading 8 unused Assets to reduce memory usage. Loaded Objects now: 2332.
Total: 4.122300 ms (FindLiveObjects: 0.408000 ms CreateObjectMapping: 0.141000 ms MarkObjects: 3.545300 ms  DeleteObjects: 0.025600 ms)

AssetImportParameters requested are different than current active one (requested -> active):
  custom:graphics/normal-map-encoding: 01000000000000000000000000000000 -> 02000000000000000000000000000000
========================================================================
Received Prepare
Registering precompiled user dll's ...
Registered in 0.000950 seconds.
Begin MonoManager ReloadAssembly
Native extension for WindowsStandalone target not found
Refreshing native plugins compatible for Editor in 0.46 ms, found 1 plugins.
Preloading 0 native plugins for Editor in 0.00 ms.
Invoked RoslynAnalysisRunner static constructor.
RoslynAnalysisRunner will not be running.
RoslynAnalysisRunner has terminated.
Mono: successfully reloaded assembly
- Completed reload, in  2.684 seconds
Platform modules already initialized, skipping
Switching build target platform(5) subTarget(0) extendedPlatform(0) -> platform(13) subTarget(537395200) extendedPlatform(0)
Refreshing native plugins compatible for Editor in 0.76 ms, found 1 plugins.
Preloading 0 native plugins for Editor in 0.00 ms.
Unloading 1819 Unused Serialized files (Serialized files now loaded: 0)
System memory in use before: 88.9 MB.
System memory in use after: 89.0 MB.

Unloading 8 unused Assets to reduce memory usage. Loaded Objects now: 2335.
Total: 2.879400 ms (FindLiveObjects: 0.253800 ms CreateObjectMapping: 0.085900 ms MarkObjects: 2.506400 ms  DeleteObjects: 0.031800 ms)

AssetImportParameters requested are different than current active one (requested -> active):
  custom:graphics/normal-map-encoding: 01000000000000000000000000000000 -> 02000000000000000000000000000000
========================================================================
Received Import Request.
  Time since last request: 78.020960 seconds.
  path: Assets/Scripts/SceneControllers/WelcomeControllerScript.cs
  artifactKey: Guid(afbf543399febdb489962a1a23078981) Importer(815301076,1909f56bfc062723c751e8b465ee728b)
Start importing Assets/Scripts/SceneControllers/WelcomeControllerScript.cs using Guid(afbf543399febdb489962a1a23078981) Importer(815301076,1909f56bfc062723c751e8b465ee728b)  -> (artifact id: 'e431d1fd2001480c68a685ded8936bac') in 0.007080 seconds
  Import took 0.050962 seconds .

========================================================================
Received Import Request.
  Time since last request: 50.958642 seconds.
  path: Assets/Scenes/ViewingScene.unity
  artifactKey: Guid(2cda990e2423bbf4892e6590ba056729) Importer(815301076,1909f56bfc062723c751e8b465ee728b)
Start importing Assets/Scenes/ViewingScene.unity using Guid(2cda990e2423bbf4892e6590ba056729) Importer(815301076,1909f56bfc062723c751e8b465ee728b)  -> (artifact id: '6162307db5661ce6bd8ae7e80f1c89eb') in 0.015909 seconds
  Import took 0.021651 seconds .

========================================================================
Received Import Request.
  Time since last request: 0.008217 seconds.
  path: Assets/Scenes/ViewingScene.unity
  artifactKey: Guid(2cda990e2423bbf4892e6590ba056729) Importer(815301076,1909f56bfc062723c751e8b465ee728b)
Start importing Assets/Scenes/ViewingScene.unity using Guid(2cda990e2423bbf4892e6590ba056729) Importer(815301076,1909f56bfc062723c751e8b465ee728b)  -> (artifact id: '6162307db5661ce6bd8ae7e80f1c89eb') in 0.002077 seconds
  Import took 0.007634 seconds .

========================================================================
Received Prepare
Registering precompiled user dll's ...
Registered in 0.001202 seconds.
Begin MonoManager ReloadAssembly
Native extension for WindowsStandalone target not found
Refreshing native plugins compatible for Editor in 0.83 ms, found 1 plugins.
Preloading 0 native plugins for Editor in 0.00 ms.
Invoked RoslynAnalysisRunner static constructor.
RoslynAnalysisRunner will not be running.
RoslynAnalysisRunner has terminated.
Mono: successfully reloaded assembly
- Completed reload, in  1.691 seconds
Platform modules already initialized, skipping
Switching build target platform(5) subTarget(0) extendedPlatform(0) -> platform(13) subTarget(537395200) extendedPlatform(0)
Refreshing native plugins compatible for Editor in 0.51 ms, found 1 plugins.
Preloading 0 native plugins for Editor in 0.00 ms.
Unloading 1819 Unused Serialized files (Serialized files now loaded: 0)
System memory in use before: 88.9 MB.
System memory in use after: 89.0 MB.

Unloading 8 unused Assets to reduce memory usage. Loaded Objects now: 2338.
Total: 3.494700 ms (FindLiveObjects: 0.272000 ms CreateObjectMapping: 0.101700 ms MarkObjects: 3.093700 ms  DeleteObjects: 0.024800 ms)

AssetImportParameters requested are different than current active one (requested -> active):
  custom:graphics/normal-map-encoding: 01000000000000000000000000000000 -> 02000000000000000000000000000000
========================================================================
Received Import Request.
  Time since last request: 20.627220 seconds.
  path: Assets/Scenes/WelcomeScene.unity
  artifactKey: Guid(f43e4e3f3a10837469198fe2731a2e5e) Importer(815301076,1909f56bfc062723c751e8b465ee728b)
Start importing Assets/Scenes/WelcomeScene.unity using Guid(f43e4e3f3a10837469198fe2731a2e5e) Importer(815301076,1909f56bfc062723c751e8b465ee728b)  -> (artifact id: 'c137803545278b22908d8483bcb6c60d') in 0.019162 seconds
  Import took 0.024583 seconds .

========================================================================
Received Prepare
Registering precompiled user dll's ...
Registered in 0.001425 seconds.
Begin MonoManager ReloadAssembly
Native extension for WindowsStandalone target not found
Refreshing native plugins compatible for Editor in 0.84 ms, found 1 plugins.
Preloading 0 native plugins for Editor in 0.00 ms.
Invoked RoslynAnalysisRunner static constructor.
RoslynAnalysisRunner will not be running.
RoslynAnalysisRunner has terminated.
Mono: successfully reloaded assembly
- Completed reload, in  2.379 seconds
Platform modules already initialized, skipping
Switching build target platform(5) subTarget(0) extendedPlatform(0) -> platform(13) subTarget(537395200) extendedPlatform(0)
Refreshing native plugins compatible for Editor in 0.62 ms, found 1 plugins.
Preloading 0 native plugins for Editor in 0.00 ms.
Unloading 1819 Unused Serialized files (Serialized files now loaded: 0)
System memory in use before: 88.9 MB.
System memory in use after: 89.0 MB.

Unloading 8 unused Assets to reduce memory usage. Loaded Objects now: 2341.
Total: 4.793100 ms (FindLiveObjects: 1.322800 ms CreateObjectMapping: 0.869200 ms MarkObjects: 2.574200 ms  DeleteObjects: 0.023300 ms)

AssetImportParameters requested are different than current active one (requested -> active):
  custom:graphics/normal-map-encoding: 01000000000000000000000000000000 -> 02000000000000000000000000000000
========================================================================
Received Import Request.
  Time since last request: 100.817050 seconds.
  path: Assets/Graphics/Fonts/PottaOne_Regular.ttf
  artifactKey: Guid(d363a9d2b93d52847a1b66c55d7cbbf7) Importer(815301076,1909f56bfc062723c751e8b465ee728b)
Start importing Assets/Graphics/Fonts/PottaOne_Regular.ttf using Guid(d363a9d2b93d52847a1b66c55d7cbbf7) Importer(815301076,1909f56bfc062723c751e8b465ee728b)  -> (artifact id: '52c6c6c9ed4398fd9fc466aac809cfca') in 0.782516 seconds
  Import took 0.801384 seconds .

========================================================================
Received Import Request.
  Time since last request: 7.363456 seconds.
  path: Assets/Scenes/ViewingScene.unity
  artifactKey: Guid(2cda990e2423bbf4892e6590ba056729) Importer(815301076,1909f56bfc062723c751e8b465ee728b)
Start importing Assets/Scenes/ViewingScene.unity using Guid(2cda990e2423bbf4892e6590ba056729) Importer(815301076,1909f56bfc062723c751e8b465ee728b)  -> (artifact id: 'ca83dfdd083fcb372383881bcdc6e51f') in 0.003326 seconds
  Import took 0.039166 seconds .

========================================================================
Received Import Request.
  Time since last request: 28.843088 seconds.
  path: Assets/Scenes/ViewingScene.unity
  artifactKey: Guid(2cda990e2423bbf4892e6590ba056729) Importer(815301076,1909f56bfc062723c751e8b465ee728b)
Start importing Assets/Scenes/ViewingScene.unity using Guid(2cda990e2423bbf4892e6590ba056729) Importer(815301076,1909f56bfc062723c751e8b465ee728b)  -> (artifact id: '6b7923cc90518049770f7c096806fa05') in 0.002987 seconds
  Import took 0.051248 seconds .

========================================================================
Received Prepare
Registering precompiled user dll's ...
Registered in 0.001366 seconds.
Begin MonoManager ReloadAssembly
Native extension for WindowsStandalone target not found
Refreshing native plugins compatible for Editor in 0.46 ms, found 1 plugins.
Preloading 0 native plugins for Editor in 0.00 ms.
Invoked RoslynAnalysisRunner static constructor.
RoslynAnalysisRunner will not be running.
RoslynAnalysisRunner has terminated.
Mono: successfully reloaded assembly
- Completed reload, in  1.761 seconds
Platform modules already initialized, skipping
Switching build target platform(5) subTarget(0) extendedPlatform(0) -> platform(13) subTarget(537395200) extendedPlatform(0)
Refreshing native plugins compatible for Editor in 0.48 ms, found 1 plugins.
Preloading 0 native plugins for Editor in 0.00 ms.
Unloading 1819 Unused Serialized files (Serialized files now loaded: 0)
System memory in use before: 89.3 MB.
System memory in use after: 89.4 MB.

Unloading 8 unused Assets to reduce memory usage. Loaded Objects now: 2385.
Total: 3.018700 ms (FindLiveObjects: 0.217500 ms CreateObjectMapping: 0.086300 ms MarkObjects: 2.682400 ms  DeleteObjects: 0.030400 ms)

AssetImportParameters requested are different than current active one (requested -> active):
  custom:graphics/normal-map-encoding: 01000000000000000000000000000000 -> 02000000000000000000000000000000
========================================================================
Received Import Request.
  Time since last request: 39.719703 seconds.
  path: Assets/Scenes/ViewingScene.unity
  artifactKey: Guid(2cda990e2423bbf4892e6590ba056729) Importer(815301076,1909f56bfc062723c751e8b465ee728b)
Start importing Assets/Scenes/ViewingScene.unity using Guid(2cda990e2423bbf4892e6590ba056729) Importer(815301076,1909f56bfc062723c751e8b465ee728b)  -> (artifact id: '2339daf18e41c47ade1a925f2044746d') in 0.018560 seconds
  Import took 0.070911 seconds .

========================================================================
Received Prepare
Registering precompiled user dll's ...
Registered in 0.001672 seconds.
Begin MonoManager ReloadAssembly
Native extension for WindowsStandalone target not found
Refreshing native plugins compatible for Editor in 0.45 ms, found 1 plugins.
Preloading 0 native plugins for Editor in 0.00 ms.
Invoked RoslynAnalysisRunner static constructor.
RoslynAnalysisRunner will not be running.
RoslynAnalysisRunner has terminated.
Mono: successfully reloaded assembly
- Completed reload, in  1.554 seconds
Platform modules already initialized, skipping
Switching build target platform(5) subTarget(0) extendedPlatform(0) -> platform(13) subTarget(537395200) extendedPlatform(0)
Refreshing native plugins compatible for Editor in 0.47 ms, found 1 plugins.
Preloading 0 native plugins for Editor in 0.00 ms.
Unloading 1819 Unused Serialized files (Serialized files now loaded: 0)
System memory in use before: 89.3 MB.
System memory in use after: 89.4 MB.

Unloading 8 unused Assets to reduce memory usage. Loaded Objects now: 2388.
Total: 3.386300 ms (FindLiveObjects: 0.319700 ms CreateObjectMapping: 0.146400 ms MarkObjects: 2.894500 ms  DeleteObjects: 0.023500 ms)

AssetImportParameters requested are different than current active one (requested -> active):
  custom:graphics/normal-map-encoding: 01000000000000000000000000000000 -> 02000000000000000000000000000000
========================================================================
Received Prepare
Refreshing native plugins compatible for Editor in 2.68 ms, found 1 plugins.
Preloading 0 native plugins for Editor in 0.00 ms.
Unloading 6 Unused Serialized files (Serialized files now loaded: 0)
System memory in use before: 52.9 MB.
System memory in use after: 53.0 MB.

Unloading 5 unused Assets to reduce memory usage. Loaded Objects now: 2388.
Total: 9.638100 ms (FindLiveObjects: 2.097000 ms CreateObjectMapping: 0.463400 ms MarkObjects: 7.023600 ms  DeleteObjects: 0.049100 ms)

